{"labels":{"module":"default"},"level":"info","message":{"headers":{"accept":"*/*","accept-encoding":"gzip, deflate, br","connection":"keep-alive","host":"localhost:8000","postman-token":"97dea5f9-be1e-4e4c-9b4b-c1356c9e2617","user-agent":"PostmanRuntime/7.29.2"},"method":"GET","url":"/tenants/gdu0h6pdsma059za5d2tra?"},"requestId":"m2A1k7QeB5XcJuycsN4izM"}
{"labels":{"module":"default"},"level":"info","message":{"headers":{"accept":"*/*","accept-encoding":"gzip, deflate, br","connection":"keep-alive","host":"localhost:8000","postman-token":"f8c24d18-d38c-44e3-8c75-305ce42e02e1","user-agent":"PostmanRuntime/7.29.2"},"method":"GET","url":"/tenants/gdu0h6pdsma059za5d2tra"},"requestId":"grWShZrHbEpABekMFxCDXN"}
{"labels":{"module":"default"},"level":"info","message":{"headers":{"accept":"*/*","accept-encoding":"gzip, deflate, br","connection":"keep-alive","host":"localhost:8000","postman-token":"c1d3bd58-9a67-4cc8-82f8-7875bbf83895","user-agent":"PostmanRuntime/7.29.2"},"method":"GET","url":"/gdu0h6pdsma059za5d2tra"},"requestId":"rtdS2GPwMMaFsNb1bZT2WT"}
{"labels":{"module":"default"},"level":"info","message":{"headers":{"accept":"*/*","accept-encoding":"gzip, deflate, br","connection":"keep-alive","host":"localhost:8000","postman-token":"fd24eb10-5e3c-495a-a582-74401718c78a","user-agent":"PostmanRuntime/7.29.2"},"method":"GET","url":"/tenants/gdu0h6pdsma059za5d2tra"},"requestId":"hmF8iqsPkS9rQV5JBUDtgF"}
{"labels":{"module":"default"},"level":"info","message":{"headers":{"accept":"*/*","accept-encoding":"gzip, deflate, br","connection":"keep-alive","host":"localhost:8000","postman-token":"fd117749-f04a-4d9e-a3d3-a14bf0d28b0f","user-agent":"PostmanRuntime/7.29.2"},"method":"GET","url":"/tenants/gdu0h6pdsma059za5d2tra"},"requestId":"i9uTMYgudmka3GU4WqoGvT"}
{"labels":{"module":"default"},"level":"info","message":{"headers":{"accept":"*/*","accept-encoding":"gzip, deflate, br","connection":"keep-alive","host":"localhost:8000","postman-token":"d2836127-40d8-49c5-b459-bae032adb69a","user-agent":"PostmanRuntime/7.29.2"},"method":"GET","url":"/tenants/gdu0h6pdsma059za5d2tra"},"requestId":"kU6g7cy4HS8zUCZMwWuahw"}
{"labels":{"module":"default"},"level":"info","message":{"headers":{"accept":"*/*","accept-encoding":"gzip, deflate, br","connection":"keep-alive","host":"localhost:8000","postman-token":"51113a3e-83e5-4336-9467-1f176bb2c29a","user-agent":"PostmanRuntime/7.29.2"},"method":"GET","url":"/tenants/gdu0h6pdsma059za5d2tra"},"requestId":"xumy4WWkYgwF5H5woirCBz"}
{"labels":{"module":"default"},"level":"error","message":{"address":"127.0.0.1","code":"ECONNREFUSED","errno":-61,"port":5432,"syscall":"connect"},"requestId":"xumy4WWkYgwF5H5woirCBz"}
{"labels":{"module":"default"},"level":"info","message":{"headers":{"accept":"*/*","accept-encoding":"gzip, deflate, br","connection":"keep-alive","host":"localhost:8000","postman-token":"333b17c4-70a9-4951-ac48-785a7a7e7bbd","user-agent":"PostmanRuntime/7.29.2"},"method":"GET","url":"/tenants/gdu0h6pdsma059za5d2tra"},"requestId":"w3c77dA7xBDYCet5nnJQh1"}
{"labels":{"module":"default"},"level":"error","message":{"address":"127.0.0.1","code":"ECONNREFUSED","errno":-61,"port":5432,"syscall":"connect"},"requestId":"w3c77dA7xBDYCet5nnJQh1"}
{"labels":{"module":"default"},"level":"info","message":{"headers":{"accept":"*/*","accept-encoding":"gzip, deflate, br","connection":"keep-alive","host":"localhost:8000","postman-token":"f206ddeb-32fd-4878-8f75-51f8216e1f0e","user-agent":"PostmanRuntime/7.29.2"},"method":"GET","url":"/tenants/gdu0h6pdsma059za5d2tra"},"requestId":"kFw1PwfjWKPFKEKEw9yAWM"}
{"labels":{"module":"default"},"level":"info","message":{"headers":{"accept":"*/*","accept-encoding":"gzip, deflate, br","connection":"keep-alive","host":"localhost:8000","postman-token":"57f2271a-a0e8-48d8-b629-227f9d2a452a","user-agent":"PostmanRuntime/7.29.2"},"method":"GET","url":"/tenants/list?page=1&pageSize=100&q=bibit&sortBy="},"requestId":"8L9mskEJMAg921pnHxqvUo"}
{"labels":{"module":"default"},"level":"info","message":{"headers":{"accept":"*/*","accept-encoding":"gzip, deflate, br","connection":"keep-alive","host":"localhost:8000","postman-token":"54b5e58f-3fbe-4037-a1b4-6e7915482da8","user-agent":"PostmanRuntime/7.29.2"},"method":"GET","url":"/dashboard/stats"},"requestId":"ueq1dbFoTNjNfkxcPS55iR"}
{"labels":{"module":"default"},"level":"info","message":{"headers":{"accept":"*/*","accept-encoding":"gzip, deflate, br","connection":"keep-alive","host":"localhost:8000","postman-token":"d0ebe077-92d2-4abc-94bb-e1a0f70b025b","user-agent":"PostmanRuntime/7.29.2"},"method":"GET","url":"/tenants/list?page=1&pageSize=100&q=bibit&sortBy="},"requestId":"8L9v5nHHp3DooaBeuAqKs5"}
{"labels":{"module":"default"},"level":"info","message":{"headers":{"accept":"*/*","accept-encoding":"gzip, deflate, br","connection":"keep-alive","host":"localhost:8000","postman-token":"af40d19a-fd15-4164-8aee-1d18e4bc5c1c","user-agent":"PostmanRuntime/7.29.2"},"method":"GET","url":"/tenants/gdu0h6pdsma059za5d2tra"},"requestId":"fqPfmDr9pUcEToxGK46YPX"}
{"labels":{"module":"default"},"level":"info","message":{"headers":{"accept":"*/*","accept-encoding":"gzip, deflate, br","connection":"keep-alive","host":"localhost:8000","postman-token":"e2d03967-372d-483b-9c7e-8125c62d3613","user-agent":"PostmanRuntime/7.29.2"},"method":"GET","url":"/tenants/gdu0h6pdsma059za5d2traa"},"requestId":"447Z9681WkrgcR9JDLjoyT"}
{"labels":{"module":"default"},"level":"error","message":{"code":"INT_ERR","message":"Tenant not found","name":"FastifyError","statusCode":500},"requestId":"447Z9681WkrgcR9JDLjoyT"}
{"labels":{"module":"default"},"level":"info","message":{"headers":{"accept":"*/*","accept-encoding":"gzip, deflate, br","connection":"keep-alive","host":"localhost:8000","postman-token":"339f7399-a701-4169-befb-02c42611e02b","user-agent":"PostmanRuntime/7.29.2"},"method":"GET","url":"/tenants/gdu0h6pdsma059za5d2tra"},"requestId":"pSgy1di8UMhUqQGCBbZXvJ"}
{"labels":{"module":"default"},"level":"info","message":{"headers":{"accept":"*/*","accept-encoding":"gzip, deflate, br","connection":"keep-alive","host":"localhost:8000","postman-token":"028ab46b-453c-4681-8f7f-08d92a002882","user-agent":"PostmanRuntime/7.29.2"},"method":"GET","url":"/tenants/gdu0h6pdsma059za5d2tra"},"requestId":"11ktjRGPYfqEdp9HXpZU4t"}
{"labels":{"module":"default"},"level":"info","message":{"headers":{"accept":"*/*","accept-encoding":"gzip, deflate, br","connection":"keep-alive","host":"localhost:8000","postman-token":"974186e0-f379-4ac7-90c9-c8776672cdc5","user-agent":"PostmanRuntime/7.29.2"},"method":"GET","url":"/tenants/gdu0h6pdsma059za5d2tradasda"},"requestId":"sUY4qG77FwD8MRsyiJx1cg"}
{"labels":{"module":"default"},"level":"error","message":{"code":"INT_ERR","message":"Tenant not found","name":"FastifyError","statusCode":500},"requestId":"sUY4qG77FwD8MRsyiJx1cg"}
{"labels":{"module":"default"},"level":"info","message":{"headers":{"accept":"*/*","accept-encoding":"gzip, deflate, br","connection":"keep-alive","host":"localhost:8000","postman-token":"d0acf96b-70f6-4f6d-83fc-9b6029d4ede2","user-agent":"PostmanRuntime/7.29.2"},"method":"GET","url":"/tenants/gdu0h6pdsma059za5d2tradasda"},"requestId":"hsC3nNY1f4xeWhQYGBXUjM"}
{"labels":{"module":"default"},"level":"error","message":{"code":"INT_ERR","message":"Tenant not found","name":"FastifyError","statusCode":500},"requestId":"hsC3nNY1f4xeWhQYGBXUjM"}
{"labels":{"module":"default"},"level":"info","message":{"headers":{"accept":"*/*","accept-encoding":"gzip, deflate, br","connection":"keep-alive","host":"localhost:8000","postman-token":"c4c57d28-4bf0-4035-a1bf-b46a6994c7bb","user-agent":"PostmanRuntime/7.29.2"},"method":"GET","url":"/tenants/gdu0h6pdsma059za5d2tradasda"},"requestId":"1j4tSUS9AdJhtFFr97tRS5"}
{"labels":{"module":"default"},"level":"error","message":{"code":"INT_ERR","message":"Tenant not found","name":"FastifyError","statusCode":500},"requestId":"1j4tSUS9AdJhtFFr97tRS5"}
{"labels":{"module":"default"},"level":"info","message":{"headers":{"accept":"*/*","accept-encoding":"gzip, deflate, br","connection":"keep-alive","host":"localhost:8000","postman-token":"0b0f40b6-d6ba-4609-8958-aa1c9fdd32af","user-agent":"PostmanRuntime/7.29.2"},"method":"GET","url":"/tenants/gdu0h6pdsma059za5d2tradasda"},"requestId":"cf2XNQRyMtWDzgejk2iUKp"}
{"labels":{"module":"default"},"level":"error","message":{},"requestId":"cf2XNQRyMtWDzgejk2iUKp"}
{"labels":{"module":"default"},"level":"info","message":{"headers":{"accept":"*/*","accept-encoding":"gzip, deflate, br","connection":"keep-alive","host":"localhost:8000","postman-token":"27455d92-cf1d-4c49-9f74-b4f1ee09e890","user-agent":"PostmanRuntime/7.29.2"},"method":"GET","url":"/tenants/gdu0h6pdsma059za5d2tradasda"},"requestId":"ua2M1VWvAGDdPDpEHgyASq"}
{"labels":{"module":"default"},"level":"info","message":{"headers":{"accept":"*/*","accept-encoding":"gzip, deflate, br","connection":"keep-alive","host":"localhost:8000","postman-token":"b232b234-9de8-4132-93ae-373404628a37","user-agent":"PostmanRuntime/7.29.2"},"method":"GET","url":"/tenants/gdu0h6pdsma059za5d2tradasda"},"requestId":"va7phfggeTjzQUt9CtiqGz"}
{"labels":{"module":"default"},"level":"debug","message":"Tenant not found"}
{"labels":{"module":"default"},"level":"info","message":{"headers":{"accept":"*/*","accept-encoding":"gzip, deflate, br","connection":"keep-alive","host":"localhost:8000","postman-token":"5b49713e-8b6f-41a7-89e8-97a5f3f52e47","user-agent":"PostmanRuntime/7.29.2"},"method":"GET","url":"/tenants/gdu0h6pdsma059za5d2tradasdadasdasd"},"requestId":"cCcnFZyKNHGGTUDyG7Bm7m"}
{"labels":{"module":"default"},"level":"debug","message":"Tenant not found"}
{"labels":{"module":"default"},"level":"info","message":{"headers":{"accept":"*/*","accept-encoding":"gzip, deflate, br","connection":"keep-alive","host":"localhost:8000","postman-token":"a1b72c1e-b0b9-4b83-8d83-4c2feaec3afd","user-agent":"PostmanRuntime/7.29.2"},"method":"GET","url":"/tenants/gdu0h6pdsma059za5d2tra"},"requestId":"7BnH1TJ4TgXHdaJZn3W3dL"}
{"labels":{"module":"default"},"level":"info","message":{"headers":{"accept":"*/*","accept-encoding":"gzip, deflate, br","connection":"keep-alive","host":"localhost:8000","postman-token":"8b538a87-3d5b-4aa2-a1ce-2be77f1e69e1","user-agent":"PostmanRuntime/7.29.2"},"method":"GET","url":"/tenants/"},"requestId":"t4oskxA3ArHDd9VEKwygtt"}
{"labels":{"module":"default"},"level":"debug","message":"Tenant not found"}
{"labels":{"module":"default"},"level":"info","message":{"headers":{"accept":"*/*","accept-encoding":"gzip, deflate, br","connection":"keep-alive","host":"localhost:8000","postman-token":"4df3680c-54d6-4a24-9626-343c3272255e","user-agent":"PostmanRuntime/7.29.2"},"method":"GET","url":"/tenants/"},"requestId":"w1h2QZV4wjgG68xfDqogon"}
{"labels":{"module":"default"},"level":"error","message":{},"requestId":"w1h2QZV4wjgG68xfDqogon"}
{"labels":{"module":"default"},"level":"info","message":{"headers":{"accept":"*/*","accept-encoding":"gzip, deflate, br","connection":"keep-alive","host":"localhost:8000","postman-token":"0e634e4a-29d6-433a-a351-6ae6a6976217","user-agent":"PostmanRuntime/7.29.2"},"method":"GET","url":"/tenants/"},"requestId":"oky37g8CpRcrry5thyE6Jh"}
{"labels":{"module":"default"},"level":"info","message":{"headers":{"accept":"*/*","accept-encoding":"gzip, deflate, br","connection":"keep-alive","host":"localhost:8000","postman-token":"5d284b57-bcf4-4308-babb-bc3b1f53f372","user-agent":"PostmanRuntime/7.29.2"},"method":"GET","url":"/tenants/"},"requestId":"oFqZfTw7p1YvV8Kw5otHKr"}
{"labels":{"module":"default"},"level":"info","message":{"headers":{"accept":"*/*","accept-encoding":"gzip, deflate, br","connection":"keep-alive","host":"localhost:8000","postman-token":"5703a46b-bec4-492a-a6f7-7f0681af9a82","user-agent":"PostmanRuntime/7.29.2"},"method":"GET","url":"/tenants/"},"requestId":"7dpWvVm8T1swCXuVRiJRjM"}
{"labels":{"module":"default"},"level":"info","message":{"headers":{"accept":"*/*","accept-encoding":"gzip, deflate, br","connection":"keep-alive","host":"localhost:8000","postman-token":"1f8b2fb2-59ad-4eaf-b420-bd6e2ee80acf","user-agent":"PostmanRuntime/7.29.2"},"method":"GET","url":"/tenants/"},"requestId":"aNdMumCkWX4Bdc3CVwDfTg"}
{"labels":{"module":"default"},"level":"info","message":{"headers":{"accept":"*/*","accept-encoding":"gzip, deflate, br","connection":"keep-alive","host":"localhost:8000","postman-token":"2f2b3d22-638f-4f5b-a1fa-6b24ddbbdecf","user-agent":"PostmanRuntime/7.29.2"},"method":"GET","url":"/tenants/"},"requestId":"dB6ZJmVWa6GBQNvxWjRZjN"}
{"labels":{"module":"default"},"level":"info","message":{"headers":{"accept":"*/*","accept-encoding":"gzip, deflate, br","connection":"keep-alive","host":"localhost:8000","postman-token":"170071a2-4556-4b03-9e11-b9568b9bad7f","user-agent":"PostmanRuntime/7.29.2"},"method":"GET","url":"/tenants/"},"requestId":"65NLWdPUaDXRtFv1FwsfPr"}
{"labels":{"module":"default"},"level":"error","message":{},"requestId":"65NLWdPUaDXRtFv1FwsfPr"}
{"labels":{"module":"default"},"level":"info","message":{"headers":{"accept":"*/*","accept-encoding":"gzip, deflate, br","connection":"keep-alive","host":"localhost:8000","postman-token":"8fb506b9-21ed-48b4-b754-fb4a3d101592","user-agent":"PostmanRuntime/7.29.2"},"method":"GET","url":"/tenants/"},"requestId":"fFEaT6gGxVabEy6KFESasQ"}
{"labels":{"module":"default"},"level":"error","message":{},"requestId":"fFEaT6gGxVabEy6KFESasQ"}
{"labels":{"module":"default"},"level":"info","message":{"headers":{"accept":"*/*","accept-encoding":"gzip, deflate, br","connection":"keep-alive","host":"localhost:8000","postman-token":"dfa6cfc9-5bb7-48e8-955a-35f74d5dfb0f","user-agent":"PostmanRuntime/7.29.2"},"method":"GET","url":"/tenants/"},"requestId":"d25Z5wJSzfgNvH2NxH9KeE"}
{"labels":{"module":"default"},"level":"error","message":{},"requestId":"d25Z5wJSzfgNvH2NxH9KeE"}
{"labels":{"module":"default"},"level":"info","message":{"headers":{"accept":"*/*","accept-encoding":"gzip, deflate, br","connection":"keep-alive","host":"localhost:8000","postman-token":"c1059b6b-afe6-41bf-bad6-8fb3d5874103","user-agent":"PostmanRuntime/7.29.2"},"method":"GET","url":"/tenants/"},"requestId":"wZr7dpt3cGpryG5rt64rt2"}
{"labels":{"module":"default"},"level":"info","message":{"headers":{"accept":"*/*","accept-encoding":"gzip, deflate, br","connection":"keep-alive","host":"localhost:8000","postman-token":"0fa9c8e1-d06b-4943-97a7-aa5b96e094b1","user-agent":"PostmanRuntime/7.29.2"},"method":"GET","url":"/tenants/"},"requestId":"pQ9RHByLVnJWm74y2UY7DV"}
{"labels":{"module":"default"},"level":"info","message":{"headers":{"accept":"*/*","accept-encoding":"gzip, deflate, br","connection":"keep-alive","host":"localhost:8000","postman-token":"0cd59161-0ba8-4b9c-afca-96141810ffe0","user-agent":"PostmanRuntime/7.29.2"},"method":"GET","url":"/tenants/"},"requestId":"3dJGWKX9vFZKDPgZNoeZ4h"}
{"labels":{"module":"default"},"level":"error","message":{},"requestId":"3dJGWKX9vFZKDPgZNoeZ4h"}
{"labels":{"module":"default"},"level":"info","message":{"headers":{"accept":"*/*","accept-encoding":"gzip, deflate, br","connection":"keep-alive","host":"localhost:8000","postman-token":"046d552d-3c70-4423-b74f-7fa8f3cf27ab","user-agent":"PostmanRuntime/7.29.2"},"method":"GET","url":"/tenants/"},"requestId":"uwvyGcXV4i6fKqUsx8d1xC"}
{"labels":{"module":"default"},"level":"error","message":{},"requestId":"uwvyGcXV4i6fKqUsx8d1xC"}
{"labels":{"module":"default"},"level":"info","message":{"headers":{"accept":"*/*","accept-encoding":"gzip, deflate, br","connection":"keep-alive","host":"localhost:8000","postman-token":"70e36c58-4261-44d0-ac6f-9d891b0f6547","user-agent":"PostmanRuntime/7.29.2"},"method":"GET","url":"/tenants/"},"requestId":"iJi15eFoZN8LEsia6ePA2A"}
{"labels":{"module":"default"},"level":"error","message":{},"requestId":"iJi15eFoZN8LEsia6ePA2A"}
{"labels":{"module":"default"},"level":"info","message":{"headers":{"accept":"*/*","accept-encoding":"gzip, deflate, br","connection":"keep-alive","host":"localhost:8000","postman-token":"e3c9a1de-0a5b-4bd1-b82e-17f75741d0a8","user-agent":"PostmanRuntime/7.29.2"},"method":"GET","url":"/tenants/"},"requestId":"kALjkke9gTr55ZsRT92XPR"}
{"labels":{"module":"default"},"level":"error","message":{},"requestId":"kALjkke9gTr55ZsRT92XPR"}
{"labels":{"module":"default"},"level":"info","message":{"headers":{"accept":"*/*","accept-encoding":"gzip, deflate, br","connection":"keep-alive","host":"localhost:8000","postman-token":"752f0883-6515-4d16-9114-89c5bccb364a","user-agent":"PostmanRuntime/7.29.2"},"method":"GET","url":"/tenants/"},"requestId":"iLRMAyfioL3mE6uJ4nebLb"}
{"labels":{"module":"default"},"level":"error","message":{},"requestId":"iLRMAyfioL3mE6uJ4nebLb"}
{"labels":{"module":"default"},"level":"info","message":{"headers":{"accept":"*/*","accept-encoding":"gzip, deflate, br","connection":"keep-alive","host":"localhost:8000","postman-token":"3fea38ec-b7c5-46e1-ba6b-074cabc7a6cf","user-agent":"PostmanRuntime/7.29.2"},"method":"GET","url":"/tenants/"},"requestId":"dtKxtmmA7GT8mXsmeuC7GW"}
{"labels":{"module":"default"},"level":"info","message":{"headers":{"accept":"*/*","accept-encoding":"gzip, deflate, br","connection":"keep-alive","host":"localhost:8000","postman-token":"3474a229-6167-4027-84ff-27eca6d764d4","user-agent":"PostmanRuntime/7.29.2"},"method":"GET","url":"/tenants/"},"requestId":"6nWhyoX676JNgrzqPWNh6D"}
{"labels":{"module":"default"},"level":"info","message":{"headers":{"accept":"*/*","accept-encoding":"gzip, deflate, br","connection":"keep-alive","host":"localhost:8000","postman-token":"b70eccb6-69eb-4e82-9106-4d220b77d83f","user-agent":"PostmanRuntime/7.29.2"},"method":"GET","url":"/tenants/"},"requestId":"6YzYGKmmjvVqZtopyYpngL"}
{"labels":{"module":"default"},"level":"info","message":{"headers":{"accept":"*/*","accept-encoding":"gzip, deflate, br","connection":"keep-alive","host":"localhost:8000","postman-token":"f949f048-0219-40f0-997c-1de29dd7c542","user-agent":"PostmanRuntime/7.29.2"},"method":"GET","url":"/tenants/"},"requestId":"3mDVKMXcjwQzHHs1K4LLFA"}
{"labels":{"module":"default"},"level":"info","message":{"headers":{"accept":"*/*","accept-encoding":"gzip, deflate, br","connection":"keep-alive","host":"localhost:8000","postman-token":"09425f7b-7fc3-4232-86c5-02cfd4a6d673","user-agent":"PostmanRuntime/7.29.2"},"method":"GET","url":"/tenants/"},"requestId":"pc1H5mq5x5qUz6gnVZNo17"}
{"labels":{"module":"default"},"level":"debug","message":"Tenant not found"}
{"labels":{"module":"default"},"level":"info","message":{"headers":{"accept":"*/*","accept-encoding":"gzip, deflate, br","connection":"keep-alive","host":"localhost:8000","postman-token":"0cc1d321-2395-411e-8e50-71951c73bf42","user-agent":"PostmanRuntime/7.29.2"},"method":"GET","url":"/tenants/"},"requestId":"wrwmNJrvpcaXzQVRGdRsPo"}
{"labels":{"module":"default"},"level":"debug","message":"Tenant not found"}
{"labels":{"module":"default"},"level":"info","message":{"headers":{"accept":"*/*","accept-encoding":"gzip, deflate, br","connection":"keep-alive","host":"localhost:8000","postman-token":"6446c82b-6362-4fac-bf52-665e50898875","user-agent":"PostmanRuntime/7.29.2"},"method":"GET","url":"/tenants/43534"},"requestId":"rU9RtMBBNdegd8eayVfovT"}
{"labels":{"module":"default"},"level":"debug","message":"Tenant not found"}
{"labels":{"module":"default"},"level":"info","message":{"headers":{"accept":"*/*","accept-encoding":"gzip, deflate, br","connection":"keep-alive","host":"localhost:8000","postman-token":"27cd827a-7da6-4cf9-b696-9a59f134cf42","user-agent":"PostmanRuntime/7.29.2"},"method":"GET","url":"/tenants/"},"requestId":"4fahAX5ihEEmAwp9FPwZfQ"}
{"labels":{"module":"default"},"level":"debug","message":"Tenant not found"}
{"labels":{"module":"default"},"level":"info","message":{"headers":{"accept":"*/*","accept-encoding":"gzip, deflate, br","connection":"keep-alive","host":"localhost:8000","postman-token":"6515506f-0966-4e08-8959-e6343fae5403","user-agent":"PostmanRuntime/7.29.2"},"method":"GET","url":"/tenants/"},"requestId":"p7zrxL97hF3iZvDPyCEC8w"}
{"labels":{"module":"default"},"level":"debug","message":"Tenant not found"}
{"labels":{"module":"default"},"level":"info","message":{"headers":{"accept":"*/*","accept-encoding":"gzip, deflate, br","connection":"keep-alive","host":"localhost:8000","postman-token":"7d4fbc59-8892-4fca-911c-bbc94cbce57a","user-agent":"PostmanRuntime/7.29.2"},"method":"GET","url":"/tenants/list?page=1&pageSize=100&q=bibit&sortBy="},"requestId":"sWMgG91C9LuCfoo1XFbF9K"}
{"labels":{"module":"default"},"level":"info","message":{"headers":{"accept":"*/*","accept-encoding":"gzip, deflate, br","connection":"keep-alive","host":"localhost:8000","postman-token":"503a5346-f3cf-4b1a-9ee5-a7de8b55fbfb","user-agent":"PostmanRuntime/7.29.2"},"method":"GET","url":"/tenants/list?page=1&pageSize=100&q=bibit&sortBy="},"requestId":"a5T3SKVTHJJ3VT821eFzUe"}
{"labels":{"module":"default"},"level":"info","message":{"headers":{"accept":"*/*","accept-encoding":"gzip, deflate, br","connection":"keep-alive","host":"localhost:8000","postman-token":"7d3ed5f0-939a-4590-84f6-97802ca13d13","user-agent":"PostmanRuntime/7.29.2"},"method":"GET","url":"/tenants/list?page=1&pageSize=100"},"requestId":"gFHNnYT2NTHdRSMBQwpJEN"}
{"labels":{"module":"default"},"level":"info","message":{"headers":{"accept":"*/*","accept-encoding":"gzip, deflate, br","connection":"keep-alive","host":"localhost:8000","postman-token":"cc00e107-5b44-4d6b-bc23-edcbf83f7162","user-agent":"PostmanRuntime/7.29.2"},"method":"GET","url":"/tenants/list?page=1"},"requestId":"v6y9J9e9dWGJsg75dgLQsN"}
{"labels":{"module":"default"},"level":"info","message":{"headers":{"accept":"*/*","accept-encoding":"gzip, deflate, br","connection":"keep-alive","host":"localhost:8000","postman-token":"8b9e452f-d68b-4edf-9d16-3be603a9cfe3","user-agent":"PostmanRuntime/7.29.2"},"method":"GET","url":"/tenants/list"},"requestId":"ij52C3NVFBRi7Qgsjz4HHx"}
{"labels":{"module":"default"},"level":"info","message":{"headers":{"accept":"*/*","accept-encoding":"gzip, deflate, br","connection":"keep-alive","host":"localhost:8000","postman-token":"11024276-6465-48bd-b983-02728d45a2c3","user-agent":"PostmanRuntime/7.29.2"},"method":"GET","url":"/tenants/list?page=1"},"requestId":"qAv2NWpcQ3n5bmvUBtJMhE"}
{"labels":{"module":"default"},"level":"info","message":{"headers":{"accept":"*/*","accept-encoding":"gzip, deflate, br","connection":"keep-alive","host":"localhost:8000","postman-token":"2c4e2b57-cb1c-4db2-99ec-8db0fbf78bd0","user-agent":"PostmanRuntime/7.29.2"},"method":"GET","url":"/tenants/list?page=1&pageSize=100"},"requestId":"bsk5PnTVG8SB399cA9HCqC"}
{"labels":{"module":"default"},"level":"info","message":{"headers":{"accept":"*/*","accept-encoding":"gzip, deflate, br","connection":"keep-alive","host":"localhost:8000","postman-token":"7937b4cc-85e2-4378-a8dc-27ba2f768d60","user-agent":"PostmanRuntime/7.29.2"},"method":"GET","url":"/tenants/list?page=1&pageSize=100"},"requestId":"itBrou9tvPria51VBNTCQx"}
{"labels":{"module":"default"},"level":"info","message":{"headers":{"accept":"*/*","accept-encoding":"gzip, deflate, br","connection":"keep-alive","host":"localhost:8000","postman-token":"cc9a3c2a-584c-458f-902d-4c7beb92788d","user-agent":"PostmanRuntime/7.29.2"},"method":"GET","url":"/tenants/list?page=1&pageSize=100&q=bibit&sortBy="},"requestId":"x9N3v3gQ8Uc9x2qmrsuR6L"}
{"labels":{"module":"default"},"level":"info","message":{"headers":{"accept":"*/*","accept-encoding":"gzip, deflate, br","connection":"keep-alive","host":"localhost:8000","postman-token":"cf1b6c3a-f173-4c6d-a989-854d1729b2dd","user-agent":"PostmanRuntime/7.29.2"},"method":"GET","url":"/tenants/"},"requestId":"3vS5CaXTtje7aYSuBKZiJc"}
{"labels":{"module":"default"},"level":"debug","message":"Tenant not found"}
{"labels":{"module":"default"},"level":"info","message":{"headers":{"accept":"*/*","accept-encoding":"gzip, deflate, br","connection":"keep-alive","host":"localhost:8000","postman-token":"4388372c-1442-41d2-b570-2f7af2eee761","user-agent":"PostmanRuntime/7.29.2"},"method":"GET","url":"/tenants/gdu0h6pdsma059za5d2tra"},"requestId":"wewPSbYAspbdpPANjXwmA3"}
{"labels":{"module":"default"},"level":"info","message":{"headers":{"accept":"*/*","accept-encoding":"gzip, deflate, br","connection":"keep-alive","host":"localhost:8000","postman-token":"8258b249-a277-43c9-b5db-d3ca8fd6b42d","user-agent":"PostmanRuntime/7.29.2"},"method":"GET","url":"/tenants/dasdasda"},"requestId":"tsnCgcjwx3rV36f2GnnTWu"}
{"labels":{"module":"default"},"level":"debug","message":"Tenant not found"}
{"labels":{"module":"default"},"level":"info","message":{"headers":{"accept":"*/*","accept-encoding":"gzip, deflate, br","connection":"keep-alive","host":"localhost:8000","postman-token":"276eb5a1-8088-4616-90c3-6ace850d9012","user-agent":"PostmanRuntime/7.29.2"},"method":"GET","url":"/tenants/dasdasda3453543654"},"requestId":"ew3z7UeDCV8P7mMCxH7HjJ"}
{"labels":{"module":"default"},"level":"debug","message":"Tenant not found"}
{"labels":{"module":"default"},"level":"info","message":{"headers":{"accept":"*/*","accept-encoding":"gzip, deflate, br","connection":"keep-alive","host":"localhost:8000","postman-token":"5cfe3f1f-ac9d-48a4-abeb-1aa5bb7eddb1","user-agent":"PostmanRuntime/7.29.2"},"method":"GET","url":"/tenants/gdu0h6pdsma059za5d2tra"},"requestId":"brHHmgmJTmBR9R1b7tDzLR"}
{"labels":{"module":"default"},"level":"info","message":{"headers":{"accept":"*/*","accept-encoding":"gzip, deflate, br","connection":"keep-alive","host":"localhost:8000","postman-token":"7e20f105-5c18-407a-b683-c6dee925fa4e","user-agent":"PostmanRuntime/7.29.2"},"method":"GET","url":"/tenants/gdu0h6pdsma059za5d2tra"},"requestId":"jY9CpexVRf9U15T6KBijcZ"}
{"labels":{"module":"default"},"level":"info","message":{"headers":{"accept":"*/*","accept-encoding":"gzip, deflate, br","connection":"keep-alive","host":"localhost:8000","postman-token":"3d617377-c26b-461c-80a1-a55dd5c86daf","user-agent":"PostmanRuntime/7.29.2"},"method":"GET","url":"/tenants/gdu0h6pdsma059za5d2tra"},"requestId":"tZyfmLW5rL9Sx6cgTierMV"}
{"labels":{"module":"default"},"level":"info","message":{"headers":{"accept":"*/*","accept-encoding":"gzip, deflate, br","connection":"keep-alive","host":"localhost:8000","postman-token":"37e62925-d7f5-4605-9dd7-fcfcd9035a8f","user-agent":"PostmanRuntime/7.29.2"},"method":"GET","url":"/tenants/gdu0h6pdsma059za5d2tra"},"requestId":"3naEJAgjkhYaxJZHiA6dvc"}
{"labels":{"module":"default"},"level":"info","message":{"headers":{"accept":"*/*","accept-encoding":"gzip, deflate, br","connection":"keep-alive","host":"localhost:8000","postman-token":"8ab1def0-7fc3-458f-8ff0-e0e717ed9376","user-agent":"PostmanRuntime/7.29.2"},"method":"GET","url":"/tenants/dasdasda"},"requestId":"vk6z3ooRcnXWuA4i8fTxpN"}
{"labels":{"module":"default"},"level":"debug","message":"Tenant not found"}
{"labels":{"module":"default"},"level":"info","message":{"headers":{"accept":"*/*","accept-encoding":"gzip, deflate, br","connection":"keep-alive","host":"localhost:8000","postman-token":"ab002cd5-bbe4-4178-9489-286e69939379","user-agent":"PostmanRuntime/7.29.2"},"method":"GET","url":"/tenants/"},"requestId":"5VBDn69r1kMf4Xx2RYMgzs"}
{"labels":{"module":"default"},"level":"debug","message":"Tenant not found"}
{"labels":{"module":"default"},"level":"info","message":{"headers":{"accept":"*/*","accept-encoding":"gzip, deflate, br","connection":"keep-alive","host":"localhost:8000","postman-token":"3eedfc19-ba62-46c1-bc15-4aa08b4fc328","user-agent":"PostmanRuntime/7.29.2"},"method":"GET","url":"/tenants/"},"requestId":"kw9Lt9f4AHcab19SCzr3A5"}
{"labels":{"module":"default"},"level":"debug","message":"Tenant not found"}
{"labels":{"module":"default"},"level":"info","message":{"headers":{"accept":"*/*","accept-encoding":"gzip, deflate, br","connection":"keep-alive","host":"localhost:8000","postman-token":"28944bec-6dd0-4c1a-9949-30f13077f424","user-agent":"PostmanRuntime/7.29.2"},"method":"GET","url":"/tenants/"},"requestId":"twJwMjUVkp78G1thY34Q3T"}
{"labels":{"module":"default"},"level":"debug","message":"Tenant not found"}
{"labels":{"module":"default"},"level":"info","message":{"headers":{"accept":"*/*","accept-encoding":"gzip, deflate, br","connection":"keep-alive","host":"localhost:8000","postman-token":"6d651d31-6c07-4eb0-ab9f-3f01dab5e20d","user-agent":"PostmanRuntime/7.29.2"},"method":"GET","url":"/tenants/"},"requestId":"qMopCvcqtZgWPdq72vV1dk"}
{"labels":{"module":"default"},"level":"debug","message":"Tenant not found"}
{"labels":{"module":"default"},"level":"info","message":{"headers":{"accept":"*/*","accept-encoding":"gzip, deflate, br","connection":"keep-alive","host":"localhost:8000","postman-token":"3d893019-2d65-473f-8949-43b8fb7ad119","user-agent":"PostmanRuntime/7.29.2"},"method":"GET","url":"/tenants/"},"requestId":"n94UcR1xFTQdVHZNzKXdFQ"}
{"labels":{"module":"default"},"level":"debug","message":"Tenant not found"}
{"labels":{"module":"default"},"level":"info","message":{"headers":{"accept":"*/*","accept-encoding":"gzip, deflate, br","connection":"keep-alive","host":"localhost:8000","postman-token":"b005bc9a-4aa4-43dd-bf7e-2c00fc61e531","user-agent":"PostmanRuntime/7.29.2"},"method":"GET","url":"/dashboard/stats"},"requestId":"j3dk2PZvHEFoyFLT4143YL"}
{"labels":{"module":"default"},"level":"info","message":{"headers":{"accept":"text/html,application/xhtml+xml,application/xml;q=0.9,image/avif,image/webp,image/apng,*/*;q=0.8","accept-encoding":"gzip, deflate, br","accept-language":"en-US,en;q=0.9","connection":"keep-alive","cookie":"_hello_key=SFMyNTY.g3QAAAABbQAAAAtfY3NyZl90b2tlbm0AAAAYdFdDdk5QamZ0ZmpWdUl2R05namlLd2hp.SzVcdo29aPpsu5Qm2ndYnrIsiazw88kC3TktbvKE3io; _socket_chat_key=SFMyNTY.g3QAAAABbQAAAAtfY3NyZl90b2tlbm0AAAAYOWFreDhQaEtuLVBySklSR1hZM0VQY2lk.hhoB2unxfF03JvZRqGzLdMLsq19DCfD8sZALMbgNzmA","host":"localhost:8000","sec-fetch-dest":"document","sec-fetch-mode":"navigate","sec-fetch-site":"none","sec-fetch-user":"?1","sec-gpc":"1","upgrade-insecure-requests":"1","user-agent":"Mozilla/5.0 (Macintosh; Intel Mac OS X 10_15_7) AppleWebKit/537.36 (KHTML, like Gecko) Chrome/108.0.0.0 Safari/537.36"},"method":"GET","url":"/dashboard/stats"},"requestId":"mvGGoDhFmgsy7AffWBsfyV"}
{"labels":{"module":"default"},"level":"info","message":{"headers":{"accept":"image/avif,image/webp,image/apng,image/svg+xml,image/*,*/*;q=0.8","accept-encoding":"gzip, deflate, br","accept-language":"en-US,en;q=0.9","connection":"keep-alive","cookie":"_hello_key=SFMyNTY.g3QAAAABbQAAAAtfY3NyZl90b2tlbm0AAAAYdFdDdk5QamZ0ZmpWdUl2R05namlLd2hp.SzVcdo29aPpsu5Qm2ndYnrIsiazw88kC3TktbvKE3io; _socket_chat_key=SFMyNTY.g3QAAAABbQAAAAtfY3NyZl90b2tlbm0AAAAYOWFreDhQaEtuLVBySklSR1hZM0VQY2lk.hhoB2unxfF03JvZRqGzLdMLsq19DCfD8sZALMbgNzmA","host":"localhost:8000","referer":"http://localhost:8000/dashboard/stats","sec-fetch-dest":"image","sec-fetch-mode":"no-cors","sec-fetch-site":"same-origin","sec-gpc":"1","user-agent":"Mozilla/5.0 (Macintosh; Intel Mac OS X 10_15_7) AppleWebKit/537.36 (KHTML, like Gecko) Chrome/108.0.0.0 Safari/537.36"},"method":"GET","url":"/favicon.ico"},"requestId":"hXFbXNB8Uvfbd4FuVWQz7K"}
